app/build/outputs/logs/manifest-merger-QQ-release-report.txt
-- Merging decision tree log ---
manifest
ADDED from src/main/AndroidManifest.xml:1:1-144:12
	package
		ADDED from src/main/AndroidManifest.xml:2:5-34
		INJECTED from src/main/AndroidManifest.xml
		INJECTED from src/main/AndroidManifest.xml
	android:versionName
		INJECTED from src/main/AndroidManifest.xml
		INJECTED from src/main/AndroidManifest.xml
	xmlns:android
		ADDED from src/main/AndroidManifest.xml:1:11-69
	android:versionCode
		INJECTED from src/main/AndroidManifest.xml
		INJECTED from src/main/AndroidManifest.xml
uses-permission#android.permission.INTERNET
ADDED from src/main/AndroidManifest.xml:4:5-67
MERGED from [TimeDiffProject:PushSDK:unspecified] AndroidManifest.xml:12:5-67
	android:name
		ADDED from src/main/AndroidManifest.xml:4:22-64
uses-permission#android.permission.SYSTEM_ALERT_WINDOW
ADDED from src/main/AndroidManifest.xml:5:5-77
	android:name
		ADDED from src/main/AndroidManifest.xml:5:22-75
uses-permission#android.permission.VIBRATE
ADDED from src/main/AndroidManifest.xml:6:5-66
	android:name
		ADDED from src/main/AndroidManifest.xml:6:22-63
uses-permission#android.permission.ACCESS_NETWORK_STATE
ADDED from src/main/AndroidManifest.xml:7:5-78
MERGED from [TimeDiffProject:PushSDK:unspecified] AndroidManifest.xml:13:5-79
	android:name
		ADDED from src/main/AndroidManifest.xml:7:22-76
uses-permission#android.permission.ACCESS_WIFI_STATE
ADDED from src/main/AndroidManifest.xml:8:5-76
MERGED from [TimeDiffProject:PushSDK:unspecified] AndroidManifest.xml:14:5-76
	android:name
		ADDED from src/main/AndroidManifest.xml:8:22-73
uses-permission#android.permission.READ_PHONE_STATE
ADDED from src/main/AndroidManifest.xml:9:5-74
MERGED from [TimeDiffProject:PushSDK:unspecified] AndroidManifest.xml:17:5-75
	android:name
		ADDED from src/main/AndroidManifest.xml:9:22-72
uses-permission#android.permission.WRITE_EXTERNAL_STORAGE
ADDED from src/main/AndroidManifest.xml:10:5-80
MERGED from [TimeDiffProject:PushSDK:unspecified] AndroidManifest.xml:15:5-81
	android:name
		ADDED from src/main/AndroidManifest.xml:10:22-78
uses-permission#android.permission.READ_EXTERNAL_STORAGE
ADDED from src/main/AndroidManifest.xml:11:5-79
	android:name
		ADDED from src/main/AndroidManifest.xml:11:22-77
uses-permission#android.permission.ACCESS_FINE_LOCATION
ADDED from src/main/AndroidManifest.xml:13:5-79
	android:name
		ADDED from src/main/AndroidManifest.xml:13:22-76
uses-permission#android.permission.ACCESS_COARSE_LOCATION
ADDED from src/main/AndroidManifest.xml:14:5-81
	android:name
		ADDED from src/main/AndroidManifest.xml:14:22-78
uses-permission#android.permission.ACCESS_LOCATION_EXTRA_COMMANDS
ADDED from src/main/AndroidManifest.xml:15:5-89
	android:name
		ADDED from src/main/AndroidManifest.xml:15:22-86
uses-permission#android.permission.WAKE_LOCK
ADDED from src/main/AndroidManifest.xml:16:5-67
MERGED from [TimeDiffProject:PushSDK:unspecified] AndroidManifest.xml:16:5-68
	android:name
		ADDED from src/main/AndroidManifest.xml:16:22-65
application
ADDED from src/main/AndroidManifest.xml:18:5-142:19
MERGED from [TimeDiffProject:PushSDK:unspecified] AndroidManifest.xml:28:5-148:19
MERGED from [TimeDiffProject:volley:unspecified] AndroidManifest.xml:9:5-20
MERGED from [com.android.support:appcompat-v7:25.1.0] AndroidManifest.xml:25:5-20
MERGED from [com.android.support:support-v4:25.1.0] AndroidManifest.xml:25:5-20
MERGED from [com.android.support:support-compat:25.1.0] AndroidManifest.xml:25:5-20
MERGED from [com.android.support:support-media-compat:25.1.0] AndroidManifest.xml:25:5-20
MERGED from [com.android.support:support-compat:25.1.0] AndroidManifest.xml:25:5-20
MERGED from [com.android.support:support-core-utils:25.1.0] AndroidManifest.xml:25:5-20
MERGED from [com.android.support:support-compat:25.1.0] AndroidManifest.xml:25:5-20
MERGED from [com.android.support:support-core-ui:25.1.0] AndroidManifest.xml:25:5-20
MERGED from [com.android.support:support-compat:25.1.0] AndroidManifest.xml:25:5-20
MERGED from [com.android.support:support-fragment:25.1.0] AndroidManifest.xml:25:5-20
MERGED from [com.android.support:support-compat:25.1.0] AndroidManifest.xml:25:5-20
MERGED from [com.android.support:support-media-compat:25.1.0] AndroidManifest.xml:25:5-20
MERGED from [com.android.support:support-compat:25.1.0] AndroidManifest.xml:25:5-20
MERGED from [com.android.support:support-core-ui:25.1.0] AndroidManifest.xml:25:5-20
MERGED from [com.android.support:support-compat:25.1.0] AndroidManifest.xml:25:5-20
MERGED from [com.android.support:support-core-utils:25.1.0] AndroidManifest.xml:25:5-20
MERGED from [com.android.support:support-compat:25.1.0] AndroidManifest.xml:25:5-20
MERGED from [com.android.support:support-vector-drawable:25.1.0] AndroidManifest.xml:23:5-20
MERGED from [com.android.support:support-compat:25.1.0] AndroidManifest.xml:25:5-20
MERGED from [com.android.support:animated-vector-drawable:25.1.0] AndroidManifest.xml:22:5-20
MERGED from [com.android.support:support-vector-drawable:25.1.0] AndroidManifest.xml:23:5-20
MERGED from [com.android.support:support-compat:25.1.0] AndroidManifest.xml:25:5-20
MERGED from [com.android.support:design:25.1.0] AndroidManifest.xml:25:5-20
MERGED from [com.android.support:support-v4:25.1.0] AndroidManifest.xml:25:5-20
MERGED from [com.android.support:support-compat:25.1.0] AndroidManifest.xml:25:5-20
MERGED from [com.android.support:support-media-compat:25.1.0] AndroidManifest.xml:25:5-20
MERGED from [com.android.support:support-compat:25.1.0] AndroidManifest.xml:25:5-20
MERGED from [com.android.support:support-core-utils:25.1.0] AndroidManifest.xml:25:5-20
MERGED from [com.android.support:support-compat:25.1.0] AndroidManifest.xml:25:5-20
MERGED from [com.android.support:support-core-ui:25.1.0] AndroidManifest.xml:25:5-20
MERGED from [com.android.support:support-compat:25.1.0] AndroidManifest.xml:25:5-20
MERGED from [com.android.support:support-fragment:25.1.0] AndroidManifest.xml:25:5-20
MERGED from [com.android.support:support-compat:25.1.0] AndroidManifest.xml:25:5-20
MERGED from [com.android.support:support-media-compat:25.1.0] AndroidManifest.xml:25:5-20
MERGED from [com.android.support:support-compat:25.1.0] AndroidManifest.xml:25:5-20
MERGED from [com.android.support:support-core-ui:25.1.0] AndroidManifest.xml:25:5-20
MERGED from [com.android.support:support-compat:25.1.0] AndroidManifest.xml:25:5-20
MERGED from [com.android.support:support-core-utils:25.1.0] AndroidManifest.xml:25:5-20
MERGED from [com.android.support:support-compat:25.1.0] AndroidManifest.xml:25:5-20
MERGED from [com.android.support:appcompat-v7:25.1.0] AndroidManifest.xml:25:5-20
MERGED from [com.android.support:support-v4:25.1.0] AndroidManifest.xml:25:5-20
MERGED from [com.android.support:support-compat:25.1.0] AndroidManifest.xml:25:5-20
MERGED from [com.android.support:support-media-compat:25.1.0] AndroidManifest.xml:25:5-20
MERGED from [com.android.support:support-compat:25.1.0] AndroidManifest.xml:25:5-20
MERGED from [com.android.support:support-core-utils:25.1.0] AndroidManifest.xml:25:5-20
MERGED from [com.android.support:support-compat:25.1.0] AndroidManifest.xml:25:5-20
MERGED from [com.android.support:support-core-ui:25.1.0] AndroidManifest.xml:25:5-20
MERGED from [com.android.support:support-compat:25.1.0] AndroidManifest.xml:25:5-20
MERGED from [com.android.support:support-fragment:25.1.0] AndroidManifest.xml:25:5-20
MERGED from [com.android.support:support-compat:25.1.0] AndroidManifest.xml:25:5-20
MERGED from [com.android.support:support-media-compat:25.1.0] AndroidManifest.xml:25:5-20
MERGED from [com.android.support:support-compat:25.1.0] AndroidManifest.xml:25:5-20
MERGED from [com.android.support:support-core-ui:25.1.0] AndroidManifest.xml:25:5-20
MERGED from [com.android.support:support-compat:25.1.0] AndroidManifest.xml:25:5-20
MERGED from [com.android.support:support-core-utils:25.1.0] AndroidManifest.xml:25:5-20
MERGED from [com.android.support:support-compat:25.1.0] AndroidManifest.xml:25:5-20
MERGED from [com.android.support:support-vector-drawable:25.1.0] AndroidManifest.xml:23:5-20
MERGED from [com.android.support:support-compat:25.1.0] AndroidManifest.xml:25:5-20
MERGED from [com.android.support:animated-vector-drawable:25.1.0] AndroidManifest.xml:22:5-20
MERGED from [com.android.support:support-vector-drawable:25.1.0] AndroidManifest.xml:23:5-20
MERGED from [com.android.support:support-compat:25.1.0] AndroidManifest.xml:25:5-20
MERGED from [com.android.support:support-compat:25.1.0] AndroidManifest.xml:25:5-20
MERGED from [com.android.support:support-core-ui:25.1.0] AndroidManifest.xml:25:5-20
MERGED from [com.android.support:support-compat:25.1.0] AndroidManifest.xml:25:5-20
MERGED from [com.android.support:transition:25.1.0] AndroidManifest.xml:22:5-20
MERGED from [com.android.support:support-v4:25.1.0] AndroidManifest.xml:25:5-20
MERGED from [com.android.support:support-compat:25.1.0] AndroidManifest.xml:25:5-20
MERGED from [com.android.support:support-media-compat:25.1.0] AndroidManifest.xml:25:5-20
MERGED from [com.android.support:support-compat:25.1.0] AndroidManifest.xml:25:5-20
MERGED from [com.android.support:support-core-utils:25.1.0] AndroidManifest.xml:25:5-20
MERGED from [com.android.support:support-compat:25.1.0] AndroidManifest.xml:25:5-20
MERGED from [com.android.support:support-core-ui:25.1.0] AndroidManifest.xml:25:5-20
MERGED from [com.android.support:support-compat:25.1.0] AndroidManifest.xml:25:5-20
MERGED from [com.android.support:support-fragment:25.1.0] AndroidManifest.xml:25:5-20
MERGED from [com.android.support:support-compat:25.1.0] AndroidManifest.xml:25:5-20
MERGED from [com.android.support:support-media-compat:25.1.0] AndroidManifest.xml:25:5-20
MERGED from [com.android.support:support-compat:25.1.0] AndroidManifest.xml:25:5-20
MERGED from [com.android.support:support-core-ui:25.1.0] AndroidManifest.xml:25:5-20
MERGED from [com.android.support:support-compat:25.1.0] AndroidManifest.xml:25:5-20
MERGED from [com.android.support:support-core-utils:25.1.0] AndroidManifest.xml:25:5-20
MERGED from [com.android.support:support-compat:25.1.0] AndroidManifest.xml:25:5-20
MERGED from [com.android.support:support-v4:25.1.0] AndroidManifest.xml:25:5-20
MERGED from [com.android.support:support-compat:25.1.0] AndroidManifest.xml:25:5-20
MERGED from [com.android.support:support-media-compat:25.1.0] AndroidManifest.xml:25:5-20
MERGED from [com.android.support:support-compat:25.1.0] AndroidManifest.xml:25:5-20
MERGED from [com.android.support:support-core-utils:25.1.0] AndroidManifest.xml:25:5-20
MERGED from [com.android.support:support-compat:25.1.0] AndroidManifest.xml:25:5-20
MERGED from [com.android.support:support-core-ui:25.1.0] AndroidManifest.xml:25:5-20
MERGED from [com.android.support:support-compat:25.1.0] AndroidManifest.xml:25:5-20
MERGED from [com.android.support:support-fragment:25.1.0] AndroidManifest.xml:25:5-20
MERGED from [com.android.support:support-compat:25.1.0] AndroidManifest.xml:25:5-20
MERGED from [com.android.support:support-media-compat:25.1.0] AndroidManifest.xml:25:5-20
MERGED from [com.android.support:support-compat:25.1.0] AndroidManifest.xml:25:5-20
MERGED from [com.android.support:support-core-ui:25.1.0] AndroidManifest.xml:25:5-20
MERGED from [com.android.support:support-compat:25.1.0] AndroidManifest.xml:25:5-20
MERGED from [com.android.support:support-core-utils:25.1.0] AndroidManifest.xml:25:5-20
MERGED from [com.android.support:support-compat:25.1.0] AndroidManifest.xml:25:5-20
MERGED from [com.android.support:support-v4:25.1.0] AndroidManifest.xml:25:5-20
MERGED from [com.android.support:support-compat:25.1.0] AndroidManifest.xml:25:5-20
MERGED from [com.android.support:support-media-compat:25.1.0] AndroidManifest.xml:25:5-20
MERGED from [com.android.support:support-compat:25.1.0] AndroidManifest.xml:25:5-20
MERGED from [com.android.support:support-core-utils:25.1.0] AndroidManifest.xml:25:5-20
MERGED from [com.android.support:support-compat:25.1.0] AndroidManifest.xml:25:5-20
MERGED from [com.android.support:support-core-ui:25.1.0] AndroidManifest.xml:25:5-20
MERGED from [com.android.support:support-compat:25.1.0] AndroidManifest.xml:25:5-20
MERGED from [com.android.support:support-fragment:25.1.0] AndroidManifest.xml:25:5-20
MERGED from [com.android.support:support-compat:25.1.0] AndroidManifest.xml:25:5-20
MERGED from [com.android.support:support-media-compat:25.1.0] AndroidManifest.xml:25:5-20
MERGED from [com.android.support:support-compat:25.1.0] AndroidManifest.xml:25:5-20
MERGED from [com.android.support:support-core-ui:25.1.0] AndroidManifest.xml:25:5-20
MERGED from [com.android.support:support-compat:25.1.0] AndroidManifest.xml:25:5-20
MERGED from [com.android.support:support-core-utils:25.1.0] AndroidManifest.xml:25:5-20
MERGED from [com.android.support:support-compat:25.1.0] AndroidManifest.xml:25:5-20
MERGED from [com.android.support:support-v4:25.1.0] AndroidManifest.xml:25:5-20
MERGED from [com.android.support:support-compat:25.1.0] AndroidManifest.xml:25:5-20
MERGED from [com.android.support:support-media-compat:25.1.0] AndroidManifest.xml:25:5-20
MERGED from [com.android.support:support-compat:25.1.0] AndroidManifest.xml:25:5-20
MERGED from [com.android.support:support-core-utils:25.1.0] AndroidManifest.xml:25:5-20
MERGED from [com.android.support:support-compat:25.1.0] AndroidManifest.xml:25:5-20
MERGED from [com.android.support:support-core-ui:25.1.0] AndroidManifest.xml:25:5-20
MERGED from [com.android.support:support-compat:25.1.0] AndroidManifest.xml:25:5-20
MERGED from [com.android.support:support-fragment:25.1.0] AndroidManifest.xml:25:5-20
MERGED from [com.android.support:support-compat:25.1.0] AndroidManifest.xml:25:5-20
MERGED from [com.android.support:support-media-compat:25.1.0] AndroidManifest.xml:25:5-20
MERGED from [com.android.support:support-compat:25.1.0] AndroidManifest.xml:25:5-20
MERGED from [com.android.support:support-core-ui:25.1.0] AndroidManifest.xml:25:5-20
MERGED from [com.android.support:support-compat:25.1.0] AndroidManifest.xml:25:5-20
MERGED from [com.android.support:support-core-utils:25.1.0] AndroidManifest.xml:25:5-20
MERGED from [com.android.support:support-compat:25.1.0] AndroidManifest.xml:25:5-20
	android:label
		ADDED from src/main/AndroidManifest.xml:21:7-39
	android:allowBackup
		ADDED from src/main/AndroidManifest.xml:20:7-33
	android:icon
		ADDED from src/main/AndroidManifest.xml:22:7-45
	android:theme
		ADDED from src/main/AndroidManifest.xml:23:7-38
	android:name
		ADDED from src/main/AndroidManifest.xml:19:7-45
activity#com.timediffproject.module.splash.SplashActivity
ADDED from src/main/AndroidManifest.xml:24:7-33:18
	android:label
		ADDED from src/main/AndroidManifest.xml:26:9-41
	android:configChanges
		ADDED from src/main/AndroidManifest.xml:28:11-81
	android:theme
		ADDED from src/main/AndroidManifest.xml:27:11-67
	android:name
		ADDED from src/main/AndroidManifest.xml:25:9-53
intent-filter#android.intent.action.MAIN+android.intent.category.LAUNCHER
ADDED from src/main/AndroidManifest.xml:29:9-32:25
action#android.intent.action.MAIN
ADDED from src/main/AndroidManifest.xml:30:13-65
	android:name
		ADDED from src/main/AndroidManifest.xml:30:21-62
category#android.intent.category.LAUNCHER
ADDED from src/main/AndroidManifest.xml:31:13-73
	android:name
		ADDED from src/main/AndroidManifest.xml:31:23-70
activity#com.timediffproject.module.tempdata.TempDataActivity
ADDED from src/main/AndroidManifest.xml:35:9-37:15
	android:theme
		ADDED from src/main/AndroidManifest.xml:36:13-69
	android:name
		ADDED from src/main/AndroidManifest.xml:35:19-67
activity#com.timediffproject.module.home.MyMainActivity
ADDED from src/main/AndroidManifest.xml:40:9-42:15
	android:theme
		ADDED from src/main/AndroidManifest.xml:41:13-69
	android:name
		ADDED from src/main/AndroidManifest.xml:40:19-61
activity#com.timediffproject.module.set.SettingTimeActivity
ADDED from src/main/AndroidManifest.xml:44:9-46:15
	android:theme
		ADDED from src/main/AndroidManifest.xml:45:13-69
	android:name
		ADDED from src/main/AndroidManifest.xml:44:19-65
activity#com.timediffproject.module.select.SelectActivity
ADDED from src/main/AndroidManifest.xml:48:9-50:15
	android:theme
		ADDED from src/main/AndroidManifest.xml:49:13-69
	android:name
		ADDED from src/main/AndroidManifest.xml:48:19-63
activity#com.timediffproject.module.alarm.AlarmActivity
ADDED from src/main/AndroidManifest.xml:52:9-54:15
	android:theme
		ADDED from src/main/AndroidManifest.xml:53:13-69
	android:name
		ADDED from src/main/AndroidManifest.xml:52:19-61
activity#com.timediffproject.module.ring.RingActivity
ADDED from src/main/AndroidManifest.xml:56:9-59:15
	android:launchMode
		ADDED from src/main/AndroidManifest.xml:58:13-48
	android:theme
		ADDED from src/main/AndroidManifest.xml:57:13-69
	android:name
		ADDED from src/main/AndroidManifest.xml:56:19-59
activity#com.timediffproject.module.advice.AdviceActivity
ADDED from src/main/AndroidManifest.xml:61:9-63:15
	android:theme
		ADDED from src/main/AndroidManifest.xml:62:13-69
	android:name
		ADDED from src/main/AndroidManifest.xml:61:19-63
activity#com.timediffproject.module.search.SearchCountryActivity
ADDED from src/main/AndroidManifest.xml:65:9-67:15
	android:theme
		ADDED from src/main/AndroidManifest.xml:66:13-69
	android:name
		ADDED from src/main/AndroidManifest.xml:65:19-70
activity#com.timediffproject.module.about.AboutMeActivity
ADDED from src/main/AndroidManifest.xml:69:9-70:71
	android:theme
		ADDED from src/main/AndroidManifest.xml:70:13-69
	android:name
		ADDED from src/main/AndroidManifest.xml:69:19-63
receiver#com.timediffproject.open.BootCompleteReceiver
ADDED from src/main/AndroidManifest.xml:74:9-78:20
	android:name
		ADDED from src/main/AndroidManifest.xml:74:19-60
intent-filter#android.intent.action.BOOT_COMPLETED
ADDED from src/main/AndroidManifest.xml:75:13-77:29
action#android.intent.action.BOOT_COMPLETED
ADDED from src/main/AndroidManifest.xml:76:17-78
	android:name
		ADDED from src/main/AndroidManifest.xml:76:25-76
activity#com.timediffproject.wxapi.WXEntryActivity
ADDED from src/main/AndroidManifest.xml:82:9-87:75
	android:screenOrientation
		ADDED from src/main/AndroidManifest.xml:86:13-49
	android:exported
		ADDED from src/main/AndroidManifest.xml:85:13-36
	android:configChanges
		ADDED from src/main/AndroidManifest.xml:84:13-74
	android:theme
		ADDED from src/main/AndroidManifest.xml:87:13-72
	android:name
		ADDED from src/main/AndroidManifest.xml:83:13-50
activity#com.umeng.qq.tencent.AuthActivity
ADDED from src/main/AndroidManifest.xml:88:9-99:20
	android:launchMode
		ADDED from src/main/AndroidManifest.xml:90:13-44
	android:noHistory
		ADDED from src/main/AndroidManifest.xml:91:13-37
	android:name
		ADDED from src/main/AndroidManifest.xml:89:13-61
intent-filter#android.intent.action.VIEW+android.intent.category.BROWSABLE+android.intent.category.DEFAULT
ADDED from src/main/AndroidManifest.xml:93:13-98:29
action#android.intent.action.VIEW
ADDED from src/main/AndroidManifest.xml:94:17-69
	android:name
		ADDED from src/main/AndroidManifest.xml:94:25-66
category#android.intent.category.DEFAULT
ADDED from src/main/AndroidManifest.xml:95:17-76
	android:name
		ADDED from src/main/AndroidManifest.xml:95:27-73
category#android.intent.category.BROWSABLE
ADDED from src/main/AndroidManifest.xml:96:17-78
	android:name
		ADDED from src/main/AndroidManifest.xml:96:27-75
data
ADDED from src/main/AndroidManifest.xml:97:17-59
	android:scheme
		ADDED from src/main/AndroidManifest.xml:97:23-56
activity#com.umeng.qq.tencent.AssistActivity
ADDED from src/main/AndroidManifest.xml:101:9-105:76
	android:screenOrientation
		ADDED from src/main/AndroidManifest.xml:103:13-49
	android:configChanges
		ADDED from src/main/AndroidManifest.xml:105:13-74
	android:theme
		ADDED from src/main/AndroidManifest.xml:104:13-72
	android:name
		ADDED from src/main/AndroidManifest.xml:102:13-63
activity#com.umeng.socialize.editorpage.ShareActivity
ADDED from src/main/AndroidManifest.xml:107:9-111:15
	android:excludeFromRecents
		ADDED from src/main/AndroidManifest.xml:110:13-46
	android:theme
		ADDED from src/main/AndroidManifest.xml:109:13-51
	android:name
		ADDED from src/main/AndroidManifest.xml:108:13-72
service#com.timediffproject.TimeService
ADDED from src/main/AndroidManifest.xml:113:9-47
	android:name
		ADDED from src/main/AndroidManifest.xml:113:18-45
service#com.timediffproject.module.ring.RingService
ADDED from src/main/AndroidManifest.xml:115:9-59
	android:name
		ADDED from src/main/AndroidManifest.xml:115:18-57
service#com.timediffproject.module.widget.WidgetTimerService
ADDED from src/main/AndroidManifest.xml:117:9-68
	android:name
		ADDED from src/main/AndroidManifest.xml:117:18-66
receiver#com.timediffproject.module.ring.RingReceiver
ADDED from src/main/AndroidManifest.xml:119:9-120:40
	android:process
		ADDED from src/main/AndroidManifest.xml:120:13-38
	android:name
		ADDED from src/main/AndroidManifest.xml:119:19-59
receiver#com.timediffproject.module.alarm.BootReceiver
ADDED from src/main/AndroidManifest.xml:122:9-126:20
	android:name
		ADDED from src/main/AndroidManifest.xml:122:19-60
receiver#com.timediffproject.module.widget.AppClockWidget
ADDED from src/main/AndroidManifest.xml:128:9-136:20
	android:name
		ADDED from src/main/AndroidManifest.xml:128:19-63
intent-filter#android.appwidget.action.APPWIDGET_UPDATE+update_widget_change_country
ADDED from src/main/AndroidManifest.xml:129:13-133:29
action#android.appwidget.action.APPWIDGET_UPDATE
ADDED from src/main/AndroidManifest.xml:130:17-83
	android:name
		ADDED from src/main/AndroidManifest.xml:130:25-81
action#update_widget_change_country
ADDED from src/main/AndroidManifest.xml:131:17-70
	android:name
		ADDED from src/main/AndroidManifest.xml:131:25-68
meta-data#android.appwidget.provider
ADDED from src/main/AndroidManifest.xml:134:13-135:55
	android:resource
		ADDED from src/main/AndroidManifest.xml:135:17-53
	android:name
		ADDED from src/main/AndroidManifest.xml:134:24-65
meta-data#UMENG_APPKEY
ADDED from src/main/AndroidManifest.xml:138:9-90
	android:value
		ADDED from src/main/AndroidManifest.xml:138:20-60
	android:name
		ADDED from src/main/AndroidManifest.xml:138:61-88
meta-data#UMENG_MESSAGE_SECRET
ADDED from src/main/AndroidManifest.xml:139:9-106
	android:value
		ADDED from src/main/AndroidManifest.xml:139:20-68
	android:name
		ADDED from src/main/AndroidManifest.xml:139:69-104
meta-data#UMENG_CHANNEL
ADDED from src/main/AndroidManifest.xml:140:9-89
	android:value
		ADDED from src/main/AndroidManifest.xml:140:20-58
		INJECTED from src/main/AndroidManifest.xml
	android:name
		ADDED from src/main/AndroidManifest.xml:140:59-87
uses-sdk
INJECTED from src/main/AndroidManifest.xml reason: use-sdk injection requested
MERGED from [TimeDiffProject:PushSDK:unspecified] AndroidManifest.xml:8:5-10:41
MERGED from [TimeDiffProject:volley:unspecified] AndroidManifest.xml:7:5-43
MERGED from [com.android.support:appcompat-v7:25.1.0] AndroidManifest.xml:21:5-23:78
MERGED from [com.android.support:support-v4:25.1.0] AndroidManifest.xml:21:5-23:54
MERGED from [com.android.support:support-compat:25.1.0] AndroidManifest.xml:21:5-23:58
MERGED from [com.android.support:support-media-compat:25.1.0] AndroidManifest.xml:21:5-23:63
MERGED from [com.android.support:support-compat:25.1.0] AndroidManifest.xml:21:5-23:58
MERGED from [com.android.support:support-core-utils:25.1.0] AndroidManifest.xml:21:5-23:61
MERGED from [com.android.support:support-compat:25.1.0] AndroidManifest.xml:21:5-23:58
MERGED from [com.android.support:support-core-ui:25.1.0] AndroidManifest.xml:21:5-23:58
MERGED from [com.android.support:support-compat:25.1.0] AndroidManifest.xml:21:5-23:58
MERGED from [com.android.support:support-fragment:25.1.0] AndroidManifest.xml:21:5-23:60
MERGED from [com.android.support:support-compat:25.1.0] AndroidManifest.xml:21:5-23:58
MERGED from [com.android.support:support-media-compat:25.1.0] AndroidManifest.xml:21:5-23:63
MERGED from [com.android.support:support-compat:25.1.0] AndroidManifest.xml:21:5-23:58
MERGED from [com.android.support:support-core-ui:25.1.0] AndroidManifest.xml:21:5-23:58
MERGED from [com.android.support:support-compat:25.1.0] AndroidManifest.xml:21:5-23:58
MERGED from [com.android.support:support-core-utils:25.1.0] AndroidManifest.xml:21:5-23:61
MERGED from [com.android.support:support-compat:25.1.0] AndroidManifest.xml:21:5-23:58
MERGED from [com.android.support:support-vector-drawable:25.1.0] AndroidManifest.xml:21:5-43
MERGED from [com.android.support:support-compat:25.1.0] AndroidManifest.xml:21:5-23:58
MERGED from [com.android.support:animated-vector-drawable:25.1.0] AndroidManifest.xml:20:5-44
MERGED from [com.android.support:support-vector-drawable:25.1.0] AndroidManifest.xml:21:5-43
MERGED from [com.android.support:support-compat:25.1.0] AndroidManifest.xml:21:5-23:58
MERGED from [com.android.support:design:25.1.0] AndroidManifest.xml:21:5-23:62
MERGED from [com.android.support:support-v4:25.1.0] AndroidManifest.xml:21:5-23:54
MERGED from [com.android.support:support-compat:25.1.0] AndroidManifest.xml:21:5-23:58
MERGED from [com.android.support:support-media-compat:25.1.0] AndroidManifest.xml:21:5-23:63
MERGED from [com.android.support:support-compat:25.1.0] AndroidManifest.xml:21:5-23:58
MERGED from [com.android.support:support-core-utils:25.1.0] AndroidManifest.xml:21:5-23:61
MERGED from [com.android.support:support-compat:25.1.0] AndroidManifest.xml:21:5-23:58
MERGED from [com.android.support:support-core-ui:25.1.0] AndroidManifest.xml:21:5-23:58
MERGED from [com.android.support:support-compat:25.1.0] AndroidManifest.xml:21:5-23:58
MERGED from [com.android.support:support-fragment:25.1.0] AndroidManifest.xml:21:5-23:60
MERGED from [com.android.support:support-compat:25.1.0] AndroidManifest.xml:21:5-23:58
MERGED from [com.android.support:support-media-compat:25.1.0] AndroidManifest.xml:21:5-23:63
MERGED from [com.android.support:support-compat:25.1.0] AndroidManifest.xml:21:5-23:58
MERGED from [com.android.support:support-core-ui:25.1.0] AndroidManifest.xml:21:5-23:58
MERGED from [com.android.support:support-compat:25.1.0] AndroidManifest.xml:21:5-23:58
MERGED from [com.android.support:support-core-utils:25.1.0] AndroidManifest.xml:21:5-23:61
MERGED from [com.android.support:support-compat:25.1.0] AndroidManifest.xml:21:5-23:58
MERGED from [com.android.support:appcompat-v7:25.1.0] AndroidManifest.xml:21:5-23:78
MERGED from [com.android.support:support-v4:25.1.0] AndroidManifest.xml:21:5-23:54
MERGED from [com.android.support:support-compat:25.1.0] AndroidManifest.xml:21:5-23:58
MERGED from [com.android.support:support-media-compat:25.1.0] AndroidManifest.xml:21:5-23:63
MERGED from [com.android.support:support-compat:25.1.0] AndroidManifest.xml:21:5-23:58
MERGED from [com.android.support:support-core-utils:25.1.0] AndroidManifest.xml:21:5-23:61
MERGED from [com.android.support:support-compat:25.1.0] AndroidManifest.xml:21:5-23:58
MERGED from [com.android.support:support-core-ui:25.1.0] AndroidManifest.xml:21:5-23:58
MERGED from [com.android.support:support-compat:25.1.0] AndroidManifest.xml:21:5-23:58
MERGED from [com.android.support:support-fragment:25.1.0] AndroidManifest.xml:21:5-23:60
MERGED from [com.android.support:support-compat:25.1.0] AndroidManifest.xml:21:5-23:58
MERGED from [com.android.support:support-media-compat:25.1.0] AndroidManifest.xml:21:5-23:63
MERGED from [com.android.support:support-compat:25.1.0] AndroidManifest.xml:21:5-23:58
MERGED from [com.android.support:support-core-ui:25.1.0] AndroidManifest.xml:21:5-23:58
MERGED from [com.android.support:support-compat:25.1.0] AndroidManifest.xml:21:5-23:58
MERGED from [com.android.support:support-core-utils:25.1.0] AndroidManifest.xml:21:5-23:61
MERGED from [com.android.support:support-compat:25.1.0] AndroidManifest.xml:21:5-23:58
MERGED from [com.android.support:support-vector-drawable:25.1.0] AndroidManifest.xml:21:5-43
MERGED from [com.android.support:support-compat:25.1.0] AndroidManifest.xml:21:5-23:58
MERGED from [com.android.support:animated-vector-drawable:25.1.0] AndroidManifest.xml:20:5-44
MERGED from [com.android.support:support-vector-drawable:25.1.0] AndroidManifest.xml:21:5-43
MERGED from [com.android.support:support-compat:25.1.0] AndroidManifest.xml:21:5-23:58
MERGED from [com.android.support:recyclerview-v7:25.1.0] AndroidManifest.xml:20:5-43
MERGED from [com.android.support:support-compat:25.1.0] AndroidManifest.xml:21:5-23:58
MERGED from [com.android.support:support-core-ui:25.1.0] AndroidManifest.xml:21:5-23:58
MERGED from [com.android.support:support-compat:25.1.0] AndroidManifest.xml:21:5-23:58
MERGED from [com.android.support:transition:25.1.0] AndroidManifest.xml:20:5-44
MERGED from [com.android.support:support-v4:25.1.0] AndroidManifest.xml:21:5-23:54
MERGED from [com.android.support:support-compat:25.1.0] AndroidManifest.xml:21:5-23:58
MERGED from [com.android.support:support-media-compat:25.1.0] AndroidManifest.xml:21:5-23:63
MERGED from [com.android.support:support-compat:25.1.0] AndroidManifest.xml:21:5-23:58
MERGED from [com.android.support:support-core-utils:25.1.0] AndroidManifest.xml:21:5-23:61
MERGED from [com.android.support:support-compat:25.1.0] AndroidManifest.xml:21:5-23:58
MERGED from [com.android.support:support-core-ui:25.1.0] AndroidManifest.xml:21:5-23:58
MERGED from [com.android.support:support-compat:25.1.0] AndroidManifest.xml:21:5-23:58
MERGED from [com.android.support:support-fragment:25.1.0] AndroidManifest.xml:21:5-23:60
MERGED from [com.android.support:support-compat:25.1.0] AndroidManifest.xml:21:5-23:58
MERGED from [com.android.support:support-media-compat:25.1.0] AndroidManifest.xml:21:5-23:63
MERGED from [com.android.support:support-compat:25.1.0] AndroidManifest.xml:21:5-23:58
MERGED from [com.android.support:support-core-ui:25.1.0] AndroidManifest.xml:21:5-23:58
MERGED from [com.android.support:support-compat:25.1.0] AndroidManifest.xml:21:5-23:58